<?xml version="1.0" encoding="UTF-8"?>
<testsuite name="com.example.flashsale.FlashSaleServiceTest" tests="3" skipped="0" failures="0" errors="0" timestamp="2026-08-13T18:19:17.280Z" hostname="codespaces-6c102c" time="0.058">
  <properties/>
  <testcase name="placeOrder_shouldPreventRaceCondition_underConcurrentRequests()" classname="com.example.flashsale.FlashSaleServiceTest" time="0.051"/>
  <testcase name="placeOrder_shouldFail_whenNotEnoughInventoryExists()" classname="com.example.flashsale.FlashSaleServiceTest" time="0.003"/>
  <testcase name="placeOrder_shouldReduceStock_whenEnoughInventoryExists()" classname="com.example.flashsale.FlashSaleServiceTest" time="0.002"/>
  <system-out><![CDATA[]]></system-out>
  <system-err><![CDATA[]]></system-err>
</testsuite>
